<?xml version="1.0" encoding="UTF-8"?>
<!-- Generated by org.testng.reporters.JUnitReportReporter -->
<testsuite hostname="EPBYMINW0970" failures="0" tests="4" name="SumCalculatorTest" time="0.003" errors="0" timestamp="23 Jun 2018 15:48:59 GMT" skipped="0">
  <testcase classname="SumCalculatorTest" name="test_positive_sum" time="0.000"/>
  <testcase classname="SumCalculatorTest" name="test_positive_sum" time="0.000"/>
  <testcase classname="SumCalculatorTest" name="test_positive_sum" time="0.001"/>
  <testcase classname="SumCalculatorTest" name="test_positive_sum" time="0.002"/>
</testsuite> <!-- SumCalculatorTest -->
